compiler.cpp:16:46: warning: missing terminating ' character
   16 | <h1>Error (405)</h1>Something went wrong. Don't worry, your files are still safe and the Dropboxers have been notified. Check out our <a href="https://www.dropbox.com/help">Help Center</a> and <a href="https://forums.dropbox.com">forums</a> for help, or head back to <a href="https://www.dropbox.com/home">home</a>.
      |                                              ^
compiler.cpp:16:46: error: missing terminating ' character
   16 | <h1>Error (405)</h1>Something went wrong. Don't worry, your files are still safe and the Dropboxers have been notified. Check out our <a href="https://www.dropbox.com/help">Help Center</a> and <a href="https://forums.dropbox.com">forums</a> for help, or head back to <a href="https://www.dropbox.com/home">home</a>.
      |                                              ^~~~~~~~~~~~~~~~~~~~~~~~~~~~~~~~~~~~~~~~~~~~~~~~~~~~~~~~~~~~~~~~~~~~~~~~~~~~~~~~~~~~~~~~~~~~~~~~~~~~~~~~~~~~~~~~~~~~~~~~~~~~~~~~~~~~~~~~~~~~~~~~~~~~~~~~~~~~~~~~~~~~~~~~~~~~~~~~~~~~~~~~~~~~~~~~~~~~~~~~~~~~~~~~~~~~~~~~~~~~~~~~~~~~~~~~~~~~~~~~~~~~~~~~~~~~~~~~~~~~~~~~~~~~~~
compiler.cpp:1:1: error: 'brew' does not name a type
    1 | brew tap appveyor/brew
      | ^~~~
